build/app/outputs/mapping/release/mapping.txt
# compiler: R8
# compiler_version: 1.5.64
# min_api: 19
# pg_map_id: e007d85
...
com.google.protobuf.Internal -> b.a.g.f0:
    byte[] EMPTY_BYTE_ARRAY -> b
    java.nio.charset.Charset UTF_8 -> a
    java.lang.Object checkNotNull(java.lang.Object) -> a
    java.lang.Object checkNotNull(java.lang.Object,java.lang.String) -> a
    int hashBoolean(boolean) -> a
    int hashCode(byte[]) -> a
    int hashCode(byte[],int,int) -> a
    int hashLong(long) -> a
    java.lang.Object mergeMessage(java.lang.Object,java.lang.Object) -> a
    int partialHash(int,byte[],int,int) -> a
    boolean isValidUtf8(byte[]) -> b
    java.lang.String toStringUtf8(byte[]) -> c
com.google.protobuf.Internal$BooleanList -> b.a.g.f0$a:
com.google.protobuf.Internal$DoubleList -> b.a.g.f0$b:
com.google.protobuf.Internal$EnumLite -> b.a.g.f0$c:
com.google.protobuf.Internal$EnumLiteMap -> b.a.g.f0$d:
    com.google.protobuf.Internal$EnumLite findValueByNumber(int) -> a
com.google.protobuf.Internal$EnumVerifier -> b.a.g.f0$e:
    boolean isInRange(int) -> a
com.google.protobuf.Internal$FloatList -> b.a.g.f0$f:
com.google.protobuf.Internal$IntList -> b.a.g.f0$g:
com.google.protobuf.Internal$LongList -> b.a.g.f0$h:
com.google.protobuf.Internal$ProtobufList -> b.a.g.f0$i:
    com.google.protobuf.Internal$ProtobufList mutableCopyWithCapacity(int) -> c
    void makeImmutable() -> q
    boolean isModifiable() -> r
com.google.protobuf.InvalidProtocolBufferException -> b.a.g.g0:
    com.google.protobuf.InvalidProtocolBufferException invalidEndTag() -> a
    com.google.protobuf.InvalidProtocolBufferException setUnfinishedMessage(com.google.protobuf.MessageLite) -> a
    com.google.protobuf.InvalidProtocolBufferException invalidTag() -> b
    com.google.protobuf.InvalidProtocolBufferException invalidUtf8() -> c
    com.google.protobuf.InvalidProtocolBufferException$InvalidWireTypeException invalidWireType() -> d
    com.google.protobuf.InvalidProtocolBufferException malformedVarint() -> e
    com.google.protobuf.InvalidProtocolBufferException negativeSize() -> f
    com.google.protobuf.InvalidProtocolBufferException parseFailure() -> g
    com.google.protobuf.InvalidProtocolBufferException recursionLimitExceeded() -> h
    com.google.protobuf.InvalidProtocolBufferException sizeLimitExceeded() -> i
    com.google.protobuf.InvalidProtocolBufferException truncatedMessage() -> j
com.google.protobuf.InvalidProtocolBufferException$InvalidWireTypeException -> b.a.g.g0$a:
com.google.protobuf.JavaType -> b.a.g.h0:
    com.google.protobuf.JavaType ENUM -> j
    com.google.protobuf.JavaType MESSAGE -> k
    com.google.protobuf.JavaType STRING -> h
    com.google.protobuf.JavaType BYTE_STRING -> i
    com.google.protobuf.JavaType[] $VALUES -> l
    com.google.protobuf.JavaType VOID -> b
    com.google.protobuf.JavaType INT -> c
    com.google.protobuf.JavaType DOUBLE -> f
    com.google.protobuf.JavaType BOOLEAN -> g
    java.lang.Class boxedType -> a
    com.google.protobuf.JavaType LONG -> d
    com.google.protobuf.JavaType FLOAT -> e
    java.lang.Class getBoxedType() -> a
com.google.protobuf.LazyField -> b.a.g.i0:
    com.google.protobuf.MessageLite defaultInstance -> e
    com.google.protobuf.MessageLite getValue() -> c
com.google.protobuf.LazyField$1 -> b.a.g.i0$a:
com.google.protobuf.LazyField$LazyEntry -> b.a.g.i0$b:
    java.util.Map$Entry entry -> a
    com.google.protobuf.LazyField getField() -> a
com.google.protobuf.LazyField$LazyIterator -> b.a.g.i0$c:
    java.util.Iterator iterator -> a